<?xml version="1.0" encoding="UTF-8"?>
<!-- Generated by org.testng.reporters.JUnitXMLReporter -->
<testsuite hostname="TCOE-CVV1CT1-LX" name="Test" tests="1" failures="0" timestamp="22 Mar 2017 08:26:53 GMT" time="76.206" errors="0">
  <testcase name="@BeforeTest startTest" time="0.0" classname="scenarios.ContributeEU">
    <failure type="org.openqa.selenium.WebDriverException" message="Failed to connect to binary FirefoxBinary(C:\Program Files\Mozilla Firefox\firefox.exe) on port 7055; process output follows: 
e,&amp;quot;hasBinaryComponents&amp;quot;:false,&amp;quot;strictCompatibility&amp;quot;:true,&amp;quot;locales&amp;quot;:[],&amp;quot;targetApplications&amp;quot;:[{&amp;quot;id&amp;quot;:&amp;quot;{ec8030f7-c20a-464f-9b0e-13a3a9e97384}&amp;quot;,&amp;quot;minVersion&amp;quot;:&amp;quot;47.0.2&amp;quot;,&amp;quot;maxVersion&amp;quot;:&amp;quot;47.0.2&amp;quot;}],&amp;quot;targetPlatforms&amp;quot;:[],&amp;quot;seen&amp;quot;:true}
1490171174962	DeferredSave.extensions.json	DEBUG	Save changes
1490171174963	addons.xpi	DEBUG	Updating database with changes to installed add-ons
1490171174964	addons.xpi-utils	DEBUG	Updating add-on states
1490171174973	addons.xpi-utils	DEBUG	Writing add-ons list
1490171175015	addons.xpi	DEBUG	Registering manifest for C:\Users\renz.r.ordonez\AppData\Local\Temp\anonymous8164435782169391773webdriver-profile\extensions\firebug@software.joehewitt.com.xpi
1490171175040	addons.xpi	DEBUG	Calling bootstrap method startup on firebug@software.joehewitt.com version 2.0.19
1490171175169	addons.xpi	DEBUG	Registering manifest for C:\Program Files\Mozilla Firefox\browser\features\e10srollout@mozilla.org.xpi
1490171175199	addons.xpi	DEBUG	Loading bootstrap scope from C:\Program Files\Mozilla Firefox\browser\features\e10srollout@mozilla.org.xpi
1490171175281	addons.xpi	DEBUG	Calling bootstrap method startup on e10srollout@mozilla.org version 1.0
1490171175303	addons.xpi	DEBUG	Registering manifest for C:\Program Files\Mozilla Firefox\browser\features\firefox@getpocket.com.xpi
1490171175327	addons.xpi	DEBUG	Loading bootstrap scope from C:\Program Files\Mozilla Firefox\browser\features\firefox@getpocket.com.xpi
1490171175370	addons.xpi	DEBUG	Calling bootstrap method startup on firefox@getpocket.com version 1.0.2
1490171175374	addons.xpi	DEBUG	Registering manifest for C:\Program Files\Mozilla Firefox\browser\features\loop@mozilla.org.xpi
1490171175393	addons.xpi	DEBUG	Loading bootstrap scope from C:\Program Files\Mozilla Firefox\browser\features\loop@mozilla.org.xpi
1490171175420	addons.xpi	DEBUG	Calling bootstrap method startup on loop@mozilla.org version 1.3.2
1490171175640	addons.xpi	DEBUG	Registering manifest for C:\Program Files\Mozilla Firefox\browser\features\websensehelper@mozilla.org.xpi
1490171175657	addons.xpi	DEBUG	Loading bootstrap scope from C:\Program Files\Mozilla Firefox\browser\features\websensehelper@mozilla.org.xpi
1490171175705	addons.xpi	DEBUG	Calling bootstrap method startup on websensehelper@mozilla.org version 1.0
1490171175719	addons.manager	DEBUG	Registering shutdown blocker for XPIProvider
1490171175720	addons.manager	DEBUG	Provider finished startup: XPIProvider
1490171175720	addons.manager	DEBUG	Starting provider: LightweightThemeManager
1490171175720	addons.manager	DEBUG	Registering shutdown blocker for LightweightThemeManager
1490171175721	addons.manager	DEBUG	Provider finished startup: LightweightThemeManager
1490171175739	addons.manager	DEBUG	Starting provider: GMPProvider
1490171175846	addons.manager	DEBUG	Registering shutdown blocker for GMPProvider
1490171175848	addons.manager	DEBUG	Provider finished startup: GMPProvider
1490171175856	addons.manager	DEBUG	Starting provider: PluginProvider
1490171175857	addons.manager	DEBUG	Registering shutdown blocker for PluginProvider
1490171175860	addons.manager	DEBUG	Provider finished startup: PluginProvider
1490171175861	addons.manager	DEBUG	Completed startup sequence
1490171183013	addons.manager	DEBUG	Starting provider: &amp;lt;unnamed-provider&amp;gt;
1490171183013	addons.manager	DEBUG	Registering shutdown blocker for &amp;lt;unnamed-provider&amp;gt;
1490171183014	addons.manager	DEBUG	Provider finished startup: &amp;lt;unnamed-provider&amp;gt;
1490171185147	DeferredSave.extensions.json	DEBUG	Write succeeded
1490171185149	addons.xpi-utils	DEBUG	XPI Database saved, setting schema version preference to 17
1490171185150	DeferredSave.extensions.json	DEBUG	Starting timer
1490171185202	DeferredSave.extensions.json	DEBUG	Starting write
1490171186374	addons.manager	DEBUG	Starting provider: PreviousExperimentProvider
1490171186375	addons.manager	DEBUG	Registering shutdown blocker for PreviousExperimentProvider
1490171186377	addons.manager	DEBUG	Provider finished startup: PreviousExperimentProvider
1490171186672	DeferredSave.extensions.json	DEBUG	Write succeeded

Build info: version: &amp;apos;2.53.0&amp;apos;, revision: &amp;apos;35ae25b1534ae328c771e0856c93e187490ca824&amp;apos;, time: &amp;apos;2016-03-15 10:43:46&amp;apos;
System info: host: &amp;apos;TCOE-CVV1CT1-LX&amp;apos;, ip: &amp;apos;10.215.74.99&amp;apos;, os.name: &amp;apos;Windows 10&amp;apos;, os.arch: &amp;apos;amd64&amp;apos;, os.version: &amp;apos;10.0&amp;apos;, java.version: &amp;apos;1.8.0_101&amp;apos;
Driver info: driver.version: FirefoxDriver">
      <![CDATA[org.openqa.selenium.WebDriverException: Failed to connect to binary FirefoxBinary(C:\Program Files\Mozilla Firefox\firefox.exe) on port 7055; process output follows: 
e,"hasBinaryComponents":false,"strictCompatibility":true,"locales":[],"targetApplications":[{"id":"{ec8030f7-c20a-464f-9b0e-13a3a9e97384}","minVersion":"47.0.2","maxVersion":"47.0.2"}],"targetPlatforms":[],"seen":true}
1490171174962	DeferredSave.extensions.json	DEBUG	Save changes
1490171174963	addons.xpi	DEBUG	Updating database with changes to installed add-ons
1490171174964	addons.xpi-utils	DEBUG	Updating add-on states
1490171174973	addons.xpi-utils	DEBUG	Writing add-ons list
1490171175015	addons.xpi	DEBUG	Registering manifest for C:\Users\renz.r.ordonez\AppData\Local\Temp\anonymous8164435782169391773webdriver-profile\extensions\firebug@software.joehewitt.com.xpi
1490171175040	addons.xpi	DEBUG	Calling bootstrap method startup on firebug@software.joehewitt.com version 2.0.19
1490171175169	addons.xpi	DEBUG	Registering manifest for C:\Program Files\Mozilla Firefox\browser\features\e10srollout@mozilla.org.xpi
1490171175199	addons.xpi	DEBUG	Loading bootstrap scope from C:\Program Files\Mozilla Firefox\browser\features\e10srollout@mozilla.org.xpi
1490171175281	addons.xpi	DEBUG	Calling bootstrap method startup on e10srollout@mozilla.org version 1.0
1490171175303	addons.xpi	DEBUG	Registering manifest for C:\Program Files\Mozilla Firefox\browser\features\firefox@getpocket.com.xpi
1490171175327	addons.xpi	DEBUG	Loading bootstrap scope from C:\Program Files\Mozilla Firefox\browser\features\firefox@getpocket.com.xpi
1490171175370	addons.xpi	DEBUG	Calling bootstrap method startup on firefox@getpocket.com version 1.0.2
1490171175374	addons.xpi	DEBUG	Registering manifest for C:\Program Files\Mozilla Firefox\browser\features\loop@mozilla.org.xpi
1490171175393	addons.xpi	DEBUG	Loading bootstrap scope from C:\Program Files\Mozilla Firefox\browser\features\loop@mozilla.org.xpi
1490171175420	addons.xpi	DEBUG	Calling bootstrap method startup on loop@mozilla.org version 1.3.2
1490171175640	addons.xpi	DEBUG	Registering manifest for C:\Program Files\Mozilla Firefox\browser\features\websensehelper@mozilla.org.xpi
1490171175657	addons.xpi	DEBUG	Loading bootstrap scope from C:\Program Files\Mozilla Firefox\browser\features\websensehelper@mozilla.org.xpi
1490171175705	addons.xpi	DEBUG	Calling bootstrap method startup on websensehelper@mozilla.org version 1.0
1490171175719	addons.manager	DEBUG	Registering shutdown blocker for XPIProvider
1490171175720	addons.manager	DEBUG	Provider finished startup: XPIProvider
1490171175720	addons.manager	DEBUG	Starting provider: LightweightThemeManager
1490171175720	addons.manager	DEBUG	Registering shutdown blocker for LightweightThemeManager
1490171175721	addons.manager	DEBUG	Provider finished startup: LightweightThemeManager
1490171175739	addons.manager	DEBUG	Starting provider: GMPProvider
1490171175846	addons.manager	DEBUG	Registering shutdown blocker for GMPProvider
1490171175848	addons.manager	DEBUG	Provider finished startup: GMPProvider
1490171175856	addons.manager	DEBUG	Starting provider: PluginProvider
1490171175857	addons.manager	DEBUG	Registering shutdown blocker for PluginProvider
1490171175860	addons.manager	DEBUG	Provider finished startup: PluginProvider
1490171175861	addons.manager	DEBUG	Completed startup sequence
1490171183013	addons.manager	DEBUG	Starting provider: <unnamed-provider>
1490171183013	addons.manager	DEBUG	Registering shutdown blocker for <unnamed-provider>
1490171183014	addons.manager	DEBUG	Provider finished startup: <unnamed-provider>
1490171185147	DeferredSave.extensions.json	DEBUG	Write succeeded
1490171185149	addons.xpi-utils	DEBUG	XPI Database saved, setting schema version preference to 17
1490171185150	DeferredSave.extensions.json	DEBUG	Starting timer
1490171185202	DeferredSave.extensions.json	DEBUG	Starting write
1490171186374	addons.manager	DEBUG	Starting provider: PreviousExperimentProvider
1490171186375	addons.manager	DEBUG	Registering shutdown blocker for PreviousExperimentProvider
1490171186377	addons.manager	DEBUG	Provider finished startup: PreviousExperimentProvider
1490171186672	DeferredSave.extensions.json	DEBUG	Write succeeded

Build info: version: '2.53.0', revision: '35ae25b1534ae328c771e0856c93e187490ca824', time: '2016-03-15 10:43:46'
System info: host: 'TCOE-CVV1CT1-LX', ip: '10.215.74.99', os.name: 'Windows 10', os.arch: 'amd64', os.version: '10.0', java.version: '1.8.0_101'
Driver info: driver.version: FirefoxDriver
	at org.openqa.selenium.firefox.internal.NewProfileExtensionConnection.start(NewProfileExtensionConnection.java:125)
	at org.openqa.selenium.firefox.FirefoxDriver.startClient(FirefoxDriver.java:271)
	at org.openqa.selenium.remote.RemoteWebDriver.<init>(RemoteWebDriver.java:119)
	at org.openqa.selenium.firefox.FirefoxDriver.<init>(FirefoxDriver.java:216)
	at org.openqa.selenium.firefox.FirefoxDriver.<init>(FirefoxDriver.java:211)
	at auto.framework.WebManager.newFirefoxDriver(WebManager.java:175)
	at auto.framework.WebManager.newFirefoxDebugDriver(WebManager.java:243)
	at auto.framework.WebManager.startDriver(WebManager.java:104)
	at auto.framework.TestBase.startTest(TestBase.java:76)
Caused by: org.openqa.selenium.firefox.NotConnectedException: Unable to connect to host 127.0.0.1 on port 7055 after 45000 ms. Firefox console output:
e,"hasBinaryComponents":false,"strictCompatibility":true,"locales":[],"targetApplications":[{"id":"{ec8030f7-c20a-464f-9b0e-13a3a9e97384}","minVersion":"47.0.2","maxVersion":"47.0.2"}],"targetPlatforms":[],"seen":true}
1490171174962	DeferredSave.extensions.json	DEBUG	Save changes
1490171174963	addons.xpi	DEBUG	Updating database with changes to installed add-ons
1490171174964	addons.xpi-utils	DEBUG	Updating add-on states
1490171174973	addons.xpi-utils	DEBUG	Writing add-ons list
1490171175015	addons.xpi	DEBUG	Registering manifest for C:\Users\renz.r.ordonez\AppData\Local\Temp\anonymous8164435782169391773webdriver-profile\extensions\firebug@software.joehewitt.com.xpi
1490171175040	addons.xpi	DEBUG	Calling bootstrap method startup on firebug@software.joehewitt.com version 2.0.19
1490171175169	addons.xpi	DEBUG	Registering manifest for C:\Program Files\Mozilla Firefox\browser\features\e10srollout@mozilla.org.xpi
1490171175199	addons.xpi	DEBUG	Loading bootstrap scope from C:\Program Files\Mozilla Firefox\browser\features\e10srollout@mozilla.org.xpi
1490171175281	addons.xpi	DEBUG	Calling bootstrap method startup on e10srollout@mozilla.org version 1.0
1490171175303	addons.xpi	DEBUG	Registering manifest for C:\Program Files\Mozilla Firefox\browser\features\firefox@getpocket.com.xpi
1490171175327	addons.xpi	DEBUG	Loading bootstrap scope from C:\Program Files\Mozilla Firefox\browser\features\firefox@getpocket.com.xpi
1490171175370	addons.xpi	DEBUG	Calling bootstrap method startup on firefox@getpocket.com version 1.0.2
1490171175374	addons.xpi	DEBUG	Registering manifest for C:\Program Files\Mozilla Firefox\browser\features\loop@mozilla.org.xpi
1490171175393	addons.xpi	DEBUG	Loading bootstrap scope from C:\Program Files\Mozilla Firefox\browser\features\loop@mozilla.org.xpi
1490171175420	addons.xpi	DEBUG	Calling bootstrap method startup on loop@mozilla.org version 1.3.2
1490171175640	addons.xpi	DEBUG	Registering manifest for C:\Program Files\Mozilla Firefox\browser\features\websensehelper@mozilla.org.xpi
1490171175657	addons.xpi	DEBUG	Loading bootstrap scope from C:\Program Files\Mozilla Firefox\browser\features\websensehelper@mozilla.org.xpi
1490171175705	addons.xpi	DEBUG	Calling bootstrap method startup on websensehelper@mozilla.org version 1.0
1490171175719	addons.manager	DEBUG	Registering shutdown blocker for XPIProvider
1490171175720	addons.manager	DEBUG	Provider finished startup: XPIProvider
1490171175720	addons.manager	DEBUG	Starting provider: LightweightThemeManager
1490171175720	addons.manager	DEBUG	Registering shutdown blocker for LightweightThemeManager
1490171175721	addons.manager	DEBUG	Provider finished startup: LightweightThemeManager
1490171175739	addons.manager	DEBUG	Starting provider: GMPProvider
1490171175846	addons.manager	DEBUG	Registering shutdown blocker for GMPProvider
1490171175848	addons.manager	DEBUG	Provider finished startup: GMPProvider
1490171175856	addons.manager	DEBUG	Starting provider: PluginProvider
1490171175857	addons.manager	DEBUG	Registering shutdown blocker for PluginProvider
1490171175860	addons.manager	DEBUG	Provider finished startup: PluginProvider
1490171175861	addons.manager	DEBUG	Completed startup sequence
1490171183013	addons.manager	DEBUG	Starting provider: <unnamed-provider>
1490171183013	addons.manager	DEBUG	Registering shutdown blocker for <unnamed-provider>
1490171183014	addons.manager	DEBUG	Provider finished startup: <unnamed-provider>
1490171185147	DeferredSave.extensions.json	DEBUG	Write succeeded
1490171185149	addons.xpi-utils	DEBUG	XPI Database saved, setting schema version preference to 17
1490171185150	DeferredSave.extensions.json	DEBUG	Starting timer
1490171185202	DeferredSave.extensions.json	DEBUG	Starting write
1490171186374	addons.manager	DEBUG	Starting provider: PreviousExperimentProvider
1490171186375	addons.manager	DEBUG	Registering shutdown blocker for PreviousExperimentProvider
1490171186377	addons.manager	DEBUG	Provider finished startup: PreviousExperimentProvider
1490171186672	DeferredSave.extensions.json	DEBUG	Write succeeded

	at org.openqa.selenium.firefox.internal.NewProfileExtensionConnection.start(NewProfileExtensionConnection.java:113)
	... 30 more
... Removed 22 stack frames]]>
    </failure>
  </testcase> <!-- @BeforeTest startTest -->
  <testcase name="@AfterTest endTest" time="0.0" classname="scenarios.ContributeEU">
    <skipped/>
  </testcase> <!-- @AfterTest endTest -->
  <testcase name="testScenario on [ContributeEU passed=0 failed=0 skipped=0]" time="0.282" classname="scenarios.ContributeEU">
    <skipped/>
  </testcase> <!-- testScenario on [ContributeEU passed=0 failed=0 skipped=0] -->
</testsuite> <!-- Test -->
