<?xml version="1.0" encoding="UTF-8"?>
<testng-results skipped="0" failed="0" total="1" passed="1">
  <reporter-output>
  </reporter-output>
  <suite name="Default suite" duration-ms="55331" started-at="2017-07-12T05:30:10Z" finished-at="2017-07-12T05:31:06Z">
    <groups>
    </groups>
    <test name="Default test" duration-ms="55331" started-at="2017-07-12T05:30:10Z" finished-at="2017-07-12T05:31:06Z">
      <class name="scenarios.YelpEditTest">
        <test-method status="PASS" signature="startTest(org.testng.ITestContext)[pri:0, instance:[YelpEditTest passed=0 failed=0 skipped=0]]" name="startTest" is-config="true" duration-ms="15594" started-at="2017-07-12T13:30:10Z" finished-at="2017-07-12T13:30:26Z">
          <params>
            <param index="0">
              <value>
                <![CDATA[org.testng.TestRunner@3dedb4a6]]>
              </value>
            </param>
          </params>
          <reporter-output>
          </reporter-output>
        </test-method> <!-- startTest -->
        <test-method status="PASS" signature="testScenario()[pri:0, instance:[YelpEditTest passed=0 failed=0 skipped=0]]" name="testScenario" duration-ms="37556" started-at="2017-07-12T13:30:26Z" finished-at="2017-07-12T13:31:04Z">
          <reporter-output>
          </reporter-output>
        </test-method> <!-- testScenario -->
        <test-method status="PASS" signature="endTest(org.testng.ITestContext)[pri:0, instance:[YelpEditTest passed=0 failed=0 skipped=0]]" name="endTest" is-config="true" duration-ms="1521" started-at="2017-07-12T13:31:04Z" finished-at="2017-07-12T13:31:06Z">
          <params>
            <param index="0">
              <value>
                <![CDATA[org.testng.TestRunner@3dedb4a6]]>
              </value>
            </param>
          </params>
          <reporter-output>
          </reporter-output>
        </test-method> <!-- endTest -->
      </class> <!-- scenarios.YelpEditTest -->
    </test> <!-- Default test -->
  </suite> <!-- Default suite -->
</testng-results>
